Determining if the pthread_create exist failed with the following output:
Change Dir: /home/w/catkin_ws/src/dragon_single_leg/build/CMakeFiles/CMakeTmp

Run Build Command:/usr/bin/make "cmTryCompileExec1742396873/fast"
/usr/bin/make -f CMakeFiles/cmTryCompileExec1742396873.dir/build.make CMakeFiles/cmTryCompileExec1742396873.dir/build
make[1]: Entering directory `/home/w/catkin_ws/src/dragon_single_leg/build/CMakeFiles/CMakeTmp'
/usr/bin/cmake -E cmake_progress_report /home/w/catkin_ws/src/dragon_single_leg/build/CMakeFiles/CMakeTmp/CMakeFiles 1
Building C object CMakeFiles/cmTryCompileExec1742396873.dir/CheckSymbolExists.c.o
/usr/bin/cc    -o CMakeFiles/cmTryCompileExec1742396873.dir/CheckSymbolExists.c.o   -c /home/w/catkin_ws/src/dragon_single_leg/build/CMakeFiles/CMakeTmp/CheckSymbolExists.c
Linking C executable cmTryCompileExec1742396873
/usr/bin/cmake -E cmake_link_script CMakeFiles/cmTryCompileExec1742396873.dir/link.txt --verbose=1
/usr/bin/cc       CMakeFiles/cmTryCompileExec1742396873.dir/CheckSymbolExists.c.o  -o cmTryCompileExec1742396873 -rdynamic 
CMakeFiles/cmTryCompileExec1742396873.dir/CheckSymbolExists.c.o: In function `main':
CheckSymbolExists.c:(.text+0x16): undefined reference to `pthread_create'
collect2: error: ld returned 1 exit status
make[1]: Leaving directory `/home/w/catkin_ws/src/dragon_single_leg/build/CMakeFiles/CMakeTmp'
make[1]: *** [cmTryCompileExec1742396873] Error 1
make: *** [cmTryCompileExec1742396873/fast] Error 2

File /home/w/catkin_ws/src/dragon_single_leg/build/CMakeFiles/CMakeTmp/CheckSymbolExists.c:
/* */
#include <pthread.h>

int main(int argc, char** argv)
{
  (void)argv;
#ifndef pthread_create
  return ((int*)(&pthread_create))[argc];
#else
  (void)argc;
  return 0;
#endif
}

Determining if the function pthread_create exists in the pthreads failed with the following output:
Change Dir: /home/w/catkin_ws/src/dragon_single_leg/build/CMakeFiles/CMakeTmp

Run Build Command:/usr/bin/make "cmTryCompileExec2820460522/fast"
/usr/bin/make -f CMakeFiles/cmTryCompileExec2820460522.dir/build.make CMakeFiles/cmTryCompileExec2820460522.dir/build
make[1]: Entering directory `/home/w/catkin_ws/src/dragon_single_leg/build/CMakeFiles/CMakeTmp'
/usr/bin/cmake -E cmake_progress_report /home/w/catkin_ws/src/dragon_single_leg/build/CMakeFiles/CMakeTmp/CMakeFiles 1
Building C object CMakeFiles/cmTryCompileExec2820460522.dir/CheckFunctionExists.c.o
/usr/bin/cc   -DCHECK_FUNCTION_EXISTS=pthread_create   -o CMakeFiles/cmTryCompileExec2820460522.dir/CheckFunctionExists.c.o   -c /usr/share/cmake-2.8/Modules/CheckFunctionExists.c
Linking C executable cmTryCompileExec2820460522
/usr/bin/cmake -E cmake_link_script CMakeFiles/cmTryCompileExec2820460522.dir/link.txt --verbose=1
/usr/bin/cc   -DCHECK_FUNCTION_EXISTS=pthread_create    CMakeFiles/cmTryCompileExec2820460522.dir/CheckFunctionExists.c.o  -o cmTryCompileExec2820460522 -rdynamic -lpthreads 
/usr/bin/ld: cannot find -lpthreads
collect2: error: ld returned 1 exit status
make[1]: *** [cmTryCompileExec2820460522] Error 1
make[1]: Leaving directory `/home/w/catkin_ws/src/dragon_single_leg/build/CMakeFiles/CMakeTmp'
make: *** [cmTryCompileExec2820460522/fast] Error 2


