Determining if the pthread_create exist failed with the following output:
Change Dir: /home/w/dinasour_reconstruction/build/CMakeFiles/CMakeTmp

Run Build Command:/usr/bin/make "cmTryCompileExec2595795881/fast"
/usr/bin/make -f CMakeFiles/cmTryCompileExec2595795881.dir/build.make CMakeFiles/cmTryCompileExec2595795881.dir/build
make[1]: Entering directory `/home/w/dinasour_reconstruction/build/CMakeFiles/CMakeTmp'
/usr/bin/cmake -E cmake_progress_report /home/w/dinasour_reconstruction/build/CMakeFiles/CMakeTmp/CMakeFiles 1
Building C object CMakeFiles/cmTryCompileExec2595795881.dir/CheckSymbolExists.c.o
/usr/bin/cc    -o CMakeFiles/cmTryCompileExec2595795881.dir/CheckSymbolExists.c.o   -c /home/w/dinasour_reconstruction/build/CMakeFiles/CMakeTmp/CheckSymbolExists.c
Linking C executable cmTryCompileExec2595795881
/usr/bin/cmake -E cmake_link_script CMakeFiles/cmTryCompileExec2595795881.dir/link.txt --verbose=1
/usr/bin/cc       CMakeFiles/cmTryCompileExec2595795881.dir/CheckSymbolExists.c.o  -o cmTryCompileExec2595795881 -rdynamic 
CMakeFiles/cmTryCompileExec2595795881.dir/CheckSymbolExists.c.o: In function `main':
CheckSymbolExists.c:(.text+0x16): undefined reference to `pthread_create'
collect2: error: ld returned 1 exit status
make[1]: *** [cmTryCompileExec2595795881] Error 1
make[1]: Leaving directory `/home/w/dinasour_reconstruction/build/CMakeFiles/CMakeTmp'
make: *** [cmTryCompileExec2595795881/fast] Error 2

File /home/w/dinasour_reconstruction/build/CMakeFiles/CMakeTmp/CheckSymbolExists.c:
/* */
#include <pthread.h>

int main(int argc, char** argv)
{
  (void)argv;
#ifndef pthread_create
  return ((int*)(&pthread_create))[argc];
#else
  (void)argc;
  return 0;
#endif
}

Determining if the function pthread_create exists in the pthreads failed with the following output:
Change Dir: /home/w/dinasour_reconstruction/build/CMakeFiles/CMakeTmp

Run Build Command:/usr/bin/make "cmTryCompileExec166999033/fast"
/usr/bin/make -f CMakeFiles/cmTryCompileExec166999033.dir/build.make CMakeFiles/cmTryCompileExec166999033.dir/build
make[1]: Entering directory `/home/w/dinasour_reconstruction/build/CMakeFiles/CMakeTmp'
/usr/bin/cmake -E cmake_progress_report /home/w/dinasour_reconstruction/build/CMakeFiles/CMakeTmp/CMakeFiles 1
Building C object CMakeFiles/cmTryCompileExec166999033.dir/CheckFunctionExists.c.o
/usr/bin/cc   -DCHECK_FUNCTION_EXISTS=pthread_create   -o CMakeFiles/cmTryCompileExec166999033.dir/CheckFunctionExists.c.o   -c /usr/share/cmake-2.8/Modules/CheckFunctionExists.c
Linking C executable cmTryCompileExec166999033
/usr/bin/cmake -E cmake_link_script CMakeFiles/cmTryCompileExec166999033.dir/link.txt --verbose=1
/usr/bin/cc   -DCHECK_FUNCTION_EXISTS=pthread_create    CMakeFiles/cmTryCompileExec166999033.dir/CheckFunctionExists.c.o  -o cmTryCompileExec166999033 -rdynamic -lpthreads 
/usr/bin/ld: cannot find -lpthreads
collect2: error: ld returned 1 exit status
make[1]: *** [cmTryCompileExec166999033] Error 1
make[1]: Leaving directory `/home/w/dinasour_reconstruction/build/CMakeFiles/CMakeTmp'
make: *** [cmTryCompileExec166999033/fast] Error 2


